2025-12-15 15:04:37 [main] org.mjsip.config.OptionParser.parseOptions()
DEBUG: Reading options from: /Users/fede/tmp/WebRTC-SIP_Gateway/sip-client/client1.cfg
2025-12-15 15:04:37 [main] org.mjsip.sip.provider.SipProvider.initLog()
INFO: SipStack: mjsip 2.0.5
2025-12-15 15:04:37 [main] org.mjsip.sip.provider.SipProvider.initLog()
INFO: SipProvider: 5062
2025-12-15 15:04:37 [main] org.mjsip.sip.provider.SipProvider.setTransport()
INFO: udp is up at port 5062
2025-12-15 15:04:37 [main] org.mjsip.sip.provider.SipProvider.setTransport()
INFO: tcp is up at port 5062
2025-12-15 15:04:37 [main] org.mjsip.ua.clip.AudioClipPlayer.setVolumeGain()
DEBUG: set clip volume gain (linear): 0.0
2025-12-15 15:04:37 [main] org.mjsip.ua.clip.AudioClipPlayer.setVolumeGain()
DEBUG: set clip volume gain (dB): 0.0
2025-12-15 15:04:37 [main] org.mjsip.ua.clip.AudioClipPlayer.setVolumeGain()
DEBUG: set clip volume gain (linear): 0.0
2025-12-15 15:04:37 [main] org.mjsip.ua.clip.AudioClipPlayer.setVolumeGain()
DEBUG: set clip volume gain (dB): 0.0
2025-12-15 15:04:37 [main] org.mjsip.ua.clip.AudioClipPlayer.setVolumeGain()
DEBUG: set clip volume gain (linear): 0.0
2025-12-15 15:04:37 [main] org.mjsip.ua.clip.AudioClipPlayer.setVolumeGain()
DEBUG: set clip volume gain (dB): 0.0
2025-12-15 15:04:37 [main] org.mjsip.ua.clip.AudioClipPlayer.setVolumeGain()
DEBUG: set clip volume gain (linear): 0.0
2025-12-15 15:04:37 [main] org.mjsip.ua.clip.AudioClipPlayer.setVolumeGain()
DEBUG: set clip volume gain (dB): 0.0
2025-12-15 15:04:37 [main] org.mjsip.sip.provider.SipProvider.addSelectiveListener()
DEBUG: Adding SipProviderListener: INVITE
2025-12-15 15:04:37 [main] org.mjsip.sip.provider.SipProvider.addSelectiveListener()
DEBUG: Adding SipProviderListener: OPTIONS
2025-12-15 15:04:37 [main] org.mjsip.sip.provider.SipProvider.addSelectiveListener()
DEBUG: Adding SipProviderListener: ANY
2025-12-15 15:04:37 [main] org.mjsip.examples.UserAgentCli.run()
INFO: REGISTRATION
2025-12-15 15:04:38 [main] org.mjsip.ua.registration.RegistrationClient.register()
DEBUG: Registering <sip:client1@192.168.1.209:5062> (expiry 3600 secs) at sip:192.168.1.209:5060
2025-12-15 15:04:38 [main] org.mjsip.sip.transaction.TransactionClient.init()
DEBUG: new transaction-id: 494418283129@192.168.1.209-1-REGISTER-client-z9hG4bK571c7bae
2025-12-15 15:04:38 [main] org.mjsip.sip.transaction.Transaction.changeStatus()
DEBUG: changed transaction state: T_Trying
2025-12-15 15:04:38 [main] org.mjsip.sip.transaction.TransactionClient.startTransactionTimeout()
DEBUG: Starting transaction timeout: 32000ms
2025-12-15 15:04:38 [main] org.mjsip.sip.provider.SipProvider.addSelectiveListener()
DEBUG: Adding SipProviderListener: 494418283129@192.168.1.209-1-REGISTER-client-z9hG4bK571c7bae
2025-12-15 15:04:38 [main] org.mjsip.sip.provider.SipProvider.sendMessage()
DEBUG: using transport udp
2025-12-15 15:04:38 [main] org.mjsip.sip.transaction.TransactionClient.request()
DEBUG: Starting retransmission timeout.
2025-12-15 15:04:38 [main] org.mjsip.examples.UserAgentCli.readyToReceive()
INFO: WAITING FOR INCOMING CALL
2025-12-15 15:04:38 [main] org.mjsip.examples.UserAgentCli.changeStatus()
DEBUG: state: IDLE
2025-12-15 15:04:38 [main] org.mjsip.examples.UserAgentCli.readyToReceive()
INFO: digit the callee's URI to make a call or press 'enter' to exit
2025-12-15 15:04:38 [Thread-1] org.mjsip.sip.provider.SipProvider.getListener()
DEBUG: Message passed to transaction: 494418283129@192.168.1.209-1-REGISTER-client-z9hG4bK571c7bae
2025-12-15 15:04:38 [Thread-1] org.mjsip.sip.transaction.Transaction.changeStatus()
DEBUG: changed transaction state: T_Completed
2025-12-15 15:04:38 [Thread-1] org.mjsip.examples.UserAgentCli.onUaRegistrationSucceeded()
INFO: Registration succeeded: 200 OK
2025-12-15 15:04:38 [Thread-1] org.mjsip.sip.transaction.TransactionClient.startClearingTimeout()
DEBUG: Starting clearing timeout: 5000ms
2025-12-15 15:04:43 [pool-1-thread-1] org.mjsip.sip.transaction.TransactionClient.onClearingTimeout()
DEBUG: Clearing timeout expired.
2025-12-15 15:04:43 [pool-1-thread-1] org.mjsip.sip.provider.SipProvider.removeSelectiveListener()
DEBUG: Removing SipProviderListener: 494418283129@192.168.1.209-1-REGISTER-client-z9hG4bK571c7bae
2025-12-15 15:04:43 [pool-1-thread-1] org.mjsip.sip.transaction.Transaction.changeStatus()
DEBUG: changed transaction state: T_Terminated
2025-12-15 15:05:26 [main] org.mjsip.examples.UserAgentCli.call()
INFO: CALLING sip:fede@192.168.1.127
2025-12-15 15:05:26 [main] org.mjsip.sip.call.Call.changeState()
DEBUG: changed call state: C_IDLE
2025-12-15 15:05:26 [main] org.mjsip.sip.call.Call.changeState()
DEBUG: changed call state: C_IDLE
2025-12-15 15:05:26 [main] org.mjsip.sip.call.ExtendedCall.call()
DEBUG: calling <sip:fede@192.168.1.127>
2025-12-15 15:05:26 [main] org.mjsip.sip.dialog.Dialog.changeStatus()
DEBUG: Set state of dialog  to: D_INIT
2025-12-15 15:05:26 [main] org.mjsip.sip.dialog.InviteDialog.invite()
DEBUG: inside invite(callee,caller,contact,sdp)
2025-12-15 15:05:26 [main] org.mjsip.sip.dialog.InviteDialog.invite()
DEBUG: inside invite(invite)
2025-12-15 15:05:26 [main] org.mjsip.sip.dialog.Dialog.changeStatus()
DEBUG: Set state of dialog  to: D_INVITING
2025-12-15 15:05:26 [main] org.mjsip.sip.dialog.Dialog.updateDialogInfo()
DEBUG: Updated dialog ID to: 391821909259@192.168.1.209-421255177766-null
2025-12-15 15:05:26 [main] org.mjsip.sip.provider.SipProvider.addSelectiveListener()
DEBUG: Adding SipProviderListener: 391821909259@192.168.1.209-421255177766-null
2025-12-15 15:05:26 [main] org.mjsip.sip.transaction.InviteTransactionClient.init()
INFO: new transaction-id: 391821909259@192.168.1.209-1-INVITE-client-z9hG4bKe1eaea7a
2025-12-15 15:05:26 [main] org.mjsip.sip.transaction.Transaction.changeStatus()
DEBUG: changed transaction state: T_Trying
2025-12-15 15:05:26 [main] org.mjsip.sip.provider.SipProvider.addSelectiveListener()
DEBUG: Adding SipProviderListener: 391821909259@192.168.1.209-1-INVITE-client-z9hG4bKe1eaea7a
2025-12-15 15:05:26 [main] org.mjsip.sip.provider.SipProvider.sendMessage()
DEBUG: using transport udp
2025-12-15 15:05:26 [main] org.mjsip.sip.call.Call.changeState()
DEBUG: changed call state: C_OUTGOING
2025-12-15 15:05:26 [main] org.mjsip.examples.UserAgentCli.changeStatus()
DEBUG: state: OUTGOING_CALL
2025-12-15 15:05:26 [Thread-1] org.mjsip.sip.provider.SipProvider.getListener()
DEBUG: Message passed to transaction: 391821909259@192.168.1.209-1-INVITE-client-z9hG4bKe1eaea7a
2025-12-15 15:05:26 [Thread-1] org.mjsip.sip.transaction.Transaction.changeStatus()
DEBUG: changed transaction state: T_Proceeding
2025-12-15 15:05:26 [Thread-1] org.mjsip.sip.dialog.InviteDialog.onTransProvisionalResponse()
DEBUG: inside onTransProvisionalResponse(tc,mdg)
2025-12-15 15:05:26 [Thread-1] org.mjsip.sip.provider.SipProvider.getListener()
DEBUG: Message passed to transaction: 391821909259@192.168.1.209-1-INVITE-client-z9hG4bKe1eaea7a
2025-12-15 15:05:26 [Thread-1] org.mjsip.sip.dialog.InviteDialog.onTransProvisionalResponse()
DEBUG: inside onTransProvisionalResponse(tc,mdg)
2025-12-15 15:05:26 [Thread-1] org.mjsip.sip.dialog.Dialog.updateDialogInfo()
DEBUG: Updated dialog ID to: 391821909259@192.168.1.209-421255177766-77fef0cda03e0255
2025-12-15 15:05:26 [Thread-1] org.mjsip.sip.provider.SipProvider.removeSelectiveListener()
DEBUG: Removing SipProviderListener: 391821909259@192.168.1.209-421255177766-null
2025-12-15 15:05:26 [Thread-1] org.mjsip.sip.provider.SipProvider.addSelectiveListener()
DEBUG: Adding SipProviderListener: 391821909259@192.168.1.209-421255177766-77fef0cda03e0255
2025-12-15 15:05:26 [Thread-1] org.mjsip.ua.UserAgent.onCallRinging()
DEBUG: onCallRinging()
2025-12-15 15:05:26 [Thread-1] org.mjsip.ua.UserAgent.onCallRinging()
DEBUG: RINGING
2025-12-15 15:05:26 [Thread-1] org.mjsip.sip.provider.SipProvider.getListener()
DEBUG: Message passed to transaction: 391821909259@192.168.1.209-1-INVITE-client-z9hG4bKe1eaea7a
2025-12-15 15:05:26 [Thread-1] org.mjsip.sip.transaction.Transaction.changeStatus()
DEBUG: changed transaction state: T_Completed
2025-12-15 15:05:26 [Thread-1] org.mjsip.sip.provider.SipProvider.sendMessage()
DEBUG: using transport udp
2025-12-15 15:05:26 [Thread-1] org.mjsip.sip.dialog.InviteDialog.onTransFailureResponse()
DEBUG: inside onTransFailureResponse(391821909259@192.168.1.209-1-INVITE-client-z9hG4bKe1eaea7a,SIP/2.0 404 Not Found
Via: SIP/2.0/UDP 192.168.1.209:5062;branch=z9hG4bKe1eaea7a
From: "Client1" <sip:client1@192.168.1.209>;tag=421255177766
To: <sip:fede@192.168.1.127>
Call-ID: 391821909259@192.168.1.209
CSeq: 1 INVITE
Content-Length: 0

)
2025-12-15 15:05:26 [Thread-1] org.mjsip.sip.dialog.Dialog.changeStatus()
DEBUG: Set state of dialog 391821909259@192.168.1.209-421255177766-77fef0cda03e0255 to: D_CLOSE
2025-12-15 15:05:26 [Thread-1] org.mjsip.sip.provider.SipProvider.removeSelectiveListener()
DEBUG: Removing SipProviderListener: 391821909259@192.168.1.209-421255177766-77fef0cda03e0255
2025-12-15 15:05:26 [Thread-1] org.mjsip.sip.call.Call.changeState()
DEBUG: changed call state: C_CLOSED
2025-12-15 15:05:26 [Thread-1] org.mjsip.ua.UserAgent.onCallRefused()
DEBUG: onCallRefused()
2025-12-15 15:05:26 [Thread-1] org.mjsip.ua.UserAgent.onCallRefused()
DEBUG: REFUSED (Not Found)
2025-12-15 15:05:26 [Thread-1] org.mjsip.examples.UserAgentCli.readyToReceive()
INFO: WAITING FOR INCOMING CALL
2025-12-15 15:05:26 [Thread-1] org.mjsip.examples.UserAgentCli.changeStatus()
DEBUG: state: IDLE
2025-12-15 15:05:26 [Thread-1] org.mjsip.examples.UserAgentCli.readyToReceive()
INFO: digit the callee's URI to make a call or press 'enter' to exit
2025-12-15 15:05:59 [pool-1-thread-1] org.mjsip.sip.transaction.InviteTransactionClient.onEnd()
INFO: End timeout expired
2025-12-15 15:05:59 [pool-1-thread-1] org.mjsip.sip.provider.SipProvider.removeSelectiveListener()
DEBUG: Removing SipProviderListener: 391821909259@192.168.1.209-1-INVITE-client-z9hG4bKe1eaea7a
2025-12-15 15:05:59 [pool-1-thread-1] org.mjsip.sip.transaction.Transaction.changeStatus()
DEBUG: changed transaction state: T_Terminated
2025-12-15 15:07:15 [main] org.mjsip.examples.UserAgentCli.call()
INFO: CALLING sip:fede@192.168.1.127
2025-12-15 15:07:15 [main] org.mjsip.sip.call.Call.changeState()
DEBUG: changed call state: C_IDLE
2025-12-15 15:07:15 [main] org.mjsip.sip.call.Call.changeState()
DEBUG: changed call state: C_IDLE
2025-12-15 15:07:15 [main] org.mjsip.sip.call.ExtendedCall.call()
DEBUG: calling <sip:fede@192.168.1.127>
2025-12-15 15:07:15 [main] org.mjsip.sip.dialog.Dialog.changeStatus()
DEBUG: Set state of dialog  to: D_INIT
2025-12-15 15:07:15 [main] org.mjsip.sip.dialog.InviteDialog.invite()
DEBUG: inside invite(callee,caller,contact,sdp)
2025-12-15 15:07:15 [main] org.mjsip.sip.dialog.InviteDialog.invite()
DEBUG: inside invite(invite)
2025-12-15 15:07:15 [main] org.mjsip.sip.dialog.Dialog.changeStatus()
DEBUG: Set state of dialog  to: D_INVITING
2025-12-15 15:07:15 [main] org.mjsip.sip.dialog.Dialog.updateDialogInfo()
DEBUG: Updated dialog ID to: 159633497558@192.168.1.209-175388542122-null
2025-12-15 15:07:15 [main] org.mjsip.sip.provider.SipProvider.addSelectiveListener()
DEBUG: Adding SipProviderListener: 159633497558@192.168.1.209-175388542122-null
2025-12-15 15:07:15 [main] org.mjsip.sip.transaction.InviteTransactionClient.init()
INFO: new transaction-id: 159633497558@192.168.1.209-1-INVITE-client-z9hG4bK0b4e4a6d
2025-12-15 15:07:15 [main] org.mjsip.sip.transaction.Transaction.changeStatus()
DEBUG: changed transaction state: T_Trying
2025-12-15 15:07:15 [main] org.mjsip.sip.provider.SipProvider.addSelectiveListener()
DEBUG: Adding SipProviderListener: 159633497558@192.168.1.209-1-INVITE-client-z9hG4bK0b4e4a6d
2025-12-15 15:07:15 [main] org.mjsip.sip.provider.SipProvider.sendMessage()
DEBUG: using transport udp
2025-12-15 15:07:15 [main] org.mjsip.sip.call.Call.changeState()
DEBUG: changed call state: C_OUTGOING
2025-12-15 15:07:15 [main] org.mjsip.examples.UserAgentCli.changeStatus()
DEBUG: state: OUTGOING_CALL
2025-12-15 15:07:15 [Thread-1] org.mjsip.sip.provider.SipProvider.getListener()
DEBUG: Message passed to transaction: 159633497558@192.168.1.209-1-INVITE-client-z9hG4bK0b4e4a6d
2025-12-15 15:07:15 [Thread-1] org.mjsip.sip.transaction.Transaction.changeStatus()
DEBUG: changed transaction state: T_Proceeding
2025-12-15 15:07:15 [Thread-1] org.mjsip.sip.dialog.InviteDialog.onTransProvisionalResponse()
DEBUG: inside onTransProvisionalResponse(tc,mdg)
2025-12-15 15:07:15 [Thread-1] org.mjsip.sip.provider.SipProvider.getListener()
DEBUG: Message passed to transaction: 159633497558@192.168.1.209-1-INVITE-client-z9hG4bK0b4e4a6d
2025-12-15 15:07:15 [Thread-1] org.mjsip.sip.dialog.InviteDialog.onTransProvisionalResponse()
DEBUG: inside onTransProvisionalResponse(tc,mdg)
2025-12-15 15:07:15 [Thread-1] org.mjsip.sip.dialog.Dialog.updateDialogInfo()
DEBUG: Updated dialog ID to: 159633497558@192.168.1.209-175388542122-90e4cd98ed55a8c4
2025-12-15 15:07:15 [Thread-1] org.mjsip.sip.provider.SipProvider.removeSelectiveListener()
DEBUG: Removing SipProviderListener: 159633497558@192.168.1.209-175388542122-null
2025-12-15 15:07:15 [Thread-1] org.mjsip.sip.provider.SipProvider.addSelectiveListener()
DEBUG: Adding SipProviderListener: 159633497558@192.168.1.209-175388542122-90e4cd98ed55a8c4
2025-12-15 15:07:15 [Thread-1] org.mjsip.ua.UserAgent.onCallRinging()
DEBUG: onCallRinging()
2025-12-15 15:07:15 [Thread-1] org.mjsip.ua.UserAgent.onCallRinging()
DEBUG: RINGING
2025-12-15 15:07:32 [Thread-1] org.mjsip.sip.provider.SipProvider.getListener()
DEBUG: Message passed to transaction: 159633497558@192.168.1.209-1-INVITE-client-z9hG4bK0b4e4a6d
2025-12-15 15:07:32 [Thread-1] org.mjsip.sip.provider.SipProvider.removeSelectiveListener()
DEBUG: Removing SipProviderListener: 159633497558@192.168.1.209-1-INVITE-client-z9hG4bK0b4e4a6d
2025-12-15 15:07:32 [Thread-1] org.mjsip.sip.transaction.Transaction.changeStatus()
DEBUG: changed transaction state: T_Terminated
2025-12-15 15:07:32 [Thread-1] org.mjsip.sip.dialog.InviteDialog.onTransSuccessResponse()
DEBUG: inside onTransSuccessResponse(tc,msg)
2025-12-15 15:07:32 [Thread-1] org.mjsip.sip.dialog.Dialog.changeStatus()
DEBUG: Set state of dialog 159633497558@192.168.1.209-175388542122-90e4cd98ed55a8c4 to: D_CALL
2025-12-15 15:07:32 [Thread-1] org.mjsip.sip.provider.SipProvider.addSelectiveListener()
DEBUG: Adding SipProviderListener: 159633497558@192.168.1.209-175388542122-90e4cd98ed55a8c4
2025-12-15 15:07:32 [Thread-1] org.mjsip.sip.transaction.AckTransactionClient.<init>()
INFO: new transaction-id: 159633497558@192.168.1.209-1-INVITE-client-z9hG4bKc23e74ef
2025-12-15 15:07:32 [Thread-1] org.mjsip.sip.provider.SipProvider.sendMessage()
DEBUG: using transport udp
2025-12-15 15:07:32 [Thread-1] org.mjsip.sip.transaction.Transaction.changeStatus()
DEBUG: changed transaction state: T_Terminated
2025-12-15 15:07:32 [Thread-1] org.mjsip.sip.call.Call.changeState()
DEBUG: changed call state: C_ACTIVE
2025-12-15 15:07:32 [Thread-1] org.mjsip.ua.UserAgent.onCallAccepted()
DEBUG: Call accepted: - 6013699123527330006 4 IN IP4 127.0.0.1
2025-12-15 15:07:32 [Thread-1] org.mjsip.examples.UserAgentCli.changeStatus()
DEBUG: state: ONCALL
2025-12-15 15:07:32 [Thread-1] org.mjsip.examples.UserAgentCli.onUaCallAccepted()
INFO: call accepted
2025-12-15 15:07:32 [Thread-1] org.mjsip.examples.UserAgentCli.onUaCallAccepted()
INFO: press 'enter' to hangup
2025-12-15 15:07:32 [Thread-1] org.mjsip.ua.UserAgent.startMediaSessions()
DEBUG: Local media: m=audio 50001 RTP/AVP 0 8
a=rtpmap:0 PCMU/8000
a=rtpmap:8 PCMA/8000

2025-12-15 15:07:32 [Thread-1] org.mjsip.ua.UserAgent.startMediaSessions()
DEBUG: Remote media: m=audio 17178 rtp/avp 0 8
a=rtpmap:0 PCMU/8000
a=rtpmap:8 PCMA/8000
a=sendrecv
a=rtcp:17179

2025-12-15 15:07:32 [Thread-1] org.mjsip.ua.UserAgent.startMediaSessions()
DEBUG: Matching media: m=audio 50001 RTP/AVP 8
a=rtpmap:8 PCMA/8000

2025-12-15 15:07:32 [Thread-1] org.mjsip.ua.UserAgent.startMediaSessions()
DEBUG: Starting media session: audio 8 PCMA 8000 160 1: 50001 <--> 0.0.0.0:17178
2025-12-15 15:07:32 [Thread-1] org.mjsip.media.AudioStreamer.<init>()
INFO: Base format: PCM_SIGNED 8000.0 Hz, 16 bit, mono, 2 bytes/frame, little-endian
2025-12-15 15:07:32 [Thread-1] org.mjsip.media.AudioStreamer.getEncoding()
INFO: Supported codecs: ULAW, PCM_UNSIGNED, PCM_SIGNED, PCM_SIGNED, PCM_UNSIGNED, PCM_FLOAT, ALAW
2025-12-15 15:07:32 [Thread-1] org.mjsip.media.AudioStreamer.<init>()
INFO: Target format: ALAW 8000.0 Hz, 8 bit, mono, 1 bytes/frame
2025-12-15 15:07:32 [Thread-1] org.zoolu.sound.SimpleAudioSystem.initAudioInputLine()
DEBUG: Input: Supported codecs:  ULAW PCM_UNSIGNED PCM_SIGNED PCM_SIGNED PCM_UNSIGNED PCM_FLOAT ALAW
2025-12-15 15:07:32 [Thread-1] org.zoolu.sound.SimpleAudioSystem.selectTargetDataLine()
INFO: Input: --- TargetDataLine[2]: Default Audio Device
2025-12-15 15:07:32 [Thread-1] org.zoolu.sound.SimpleAudioSystem.selectTargetDataLine()
INFO: Input: --- TargetDataLine[3]: Microfono MacBook Pro
2025-12-15 15:07:32 [Thread-1] org.zoolu.sound.SimpleAudioSystem.selectTargetDataLine()
INFO: Input: --- Using the default TargetDataLine
2025-12-15 15:07:32 [Thread-1] org.zoolu.sound.SimpleAudioSystem.initAudioInputLine()
DEBUG: Input: TargetDataLine: PCM_SIGNED 8000.0 Hz, 16 bit, mono, 2 bytes/frame, little-endian
2025-12-15 15:07:32 [Thread-1] org.mjsip.media.RtpStreamSender.<init>()
INFO: Created RTP stream sender: UDP:null:50001 --> 0.0.0.0:17178
2025-12-15 15:07:32 [Thread-1] org.zoolu.sound.SimpleAudioSystem.initAudioOutputLine()
DEBUG: Output: Supported codecs:  ULAW PCM_UNSIGNED PCM_SIGNED PCM_SIGNED PCM_UNSIGNED PCM_FLOAT ALAW
2025-12-15 15:07:32 [Thread-1] org.zoolu.sound.SimpleAudioSystem.initAudioOutputLine()
DEBUG: Output: SourceDataLine: PCM_SIGNED 8000.0 Hz, 16 bit, mono, 2 bytes/frame, little-endian
2025-12-15 15:07:32 [Thread-1] org.zoolu.sound.SourceLineAudioOutputStream.<init>()
DEBUG: input codec: ALAW 8000.0 Hz, 8 bit, mono, 1 bytes/frame
2025-12-15 15:07:32 [Thread-1] org.zoolu.sound.SourceLineAudioOutputStream.<init>()
DEBUG: output codec: PCM_SIGNED 8000.0 Hz, 16 bit, mono, 2 bytes/frame, little-endian
2025-12-15 15:07:32 [Thread-1] org.mjsip.media.RtpStreamReceiver.<init>()
INFO: Created RTP stream receiver: UDP:null:50001 <-- null
2025-12-15 15:07:32 [Thread-1] org.mjsip.media.AudioStreamer.<init>()
DEBUG: Codec:         G711_ALAW
2025-12-15 15:07:32 [Thread-1] org.mjsip.media.AudioStreamer.<init>()
DEBUG: Base format:   PCM_SIGNED 8000.0 Hz, 16 bit, mono, 2 bytes/frame, little-endian
2025-12-15 15:07:32 [Thread-1] org.mjsip.media.AudioStreamer.<init>()
DEBUG: Target format: ALAW 8000.0 Hz, 8 bit, mono, 1 bytes/frame
2025-12-15 15:07:32 [Thread-1] org.mjsip.media.AudioStreamer.<init>()
DEBUG: Sample rate:   8000 Hz
2025-12-15 15:07:32 [Thread-1] org.mjsip.media.AudioStreamer.<init>()
DEBUG: Frame rate:    8000 frame/s
2025-12-15 15:07:32 [Thread-1] org.mjsip.media.AudioStreamer.<init>()
DEBUG: Frame size:    1 B
2025-12-15 15:07:32 [Thread-1] org.mjsip.media.AudioStreamer.<init>()
DEBUG: Packet time:   20 ms
2025-12-15 15:07:32 [Thread-1] org.mjsip.media.AudioStreamer.<init>()
DEBUG: Packet rate:   50 pkt/s
2025-12-15 15:07:32 [Thread-1] org.mjsip.media.AudioStreamer.<init>()
DEBUG: Packet size:   160 B
2025-12-15 15:07:32 [Thread-1] org.mjsip.media.AudioStreamer.start()
INFO: starting java audio
2025-12-15 15:07:32 [Thread-1] org.mjsip.media.AudioStreamer.start()
DEBUG: start sending
2025-12-15 15:07:32 [pool-1-thread-4] org.mjsip.media.RtpStreamSender.run()
DEBUG: RTP: localhost:50001 --> 0.0.0.0:17178
2025-12-15 15:07:32 [pool-1-thread-4] org.mjsip.media.RtpStreamSender.run()
DEBUG: RTP: sending pkts of 160 bytes of RTP payload
2025-12-15 15:07:32 [Thread-1] org.mjsip.media.AudioStreamer.start()
DEBUG: start receiving
2025-12-15 15:07:32 [pool-1-thread-5] org.mjsip.media.RtpStreamReceiver.run()
DEBUG: RTP: localhost:50001 <-- remotesocket
2025-12-15 15:07:32 [pool-1-thread-5] org.mjsip.media.RtpStreamReceiver.run()
DEBUG: RTP: receiving pkts of MAXIMUM 32768 bytes
2025-12-15 15:10:34 [main] org.mjsip.examples.UserAgentCli.hangup()
INFO: hangup
2025-12-15 15:10:34 [main] org.mjsip.media.AudioStreamer.halt()
INFO: stopping java audio
2025-12-15 15:10:34 [main] org.mjsip.media.AudioStreamer.halt()
DEBUG: sender halted
2025-12-15 15:10:34 [pool-1-thread-4] org.mjsip.media.RtpStreamSender.run()
DEBUG: rtp sender terminated
2025-12-15 15:10:34 [pool-1-thread-5] org.mjsip.media.RtpStreamReceiver.onRtpStreamReceiverTerminated()
DEBUG: rtp receiver terminated
2025-12-15 15:10:35 [main] org.mjsip.media.AudioStreamer.halt()
DEBUG: receiver halted
2025-12-15 15:10:35 [main] org.mjsip.sip.dialog.InviteDialog.bye()
DEBUG: inside bye()
2025-12-15 15:10:35 [main] org.mjsip.sip.dialog.InviteDialog.bye()
DEBUG: inside bye(bye)
2025-12-15 15:10:35 [main] org.mjsip.sip.dialog.Dialog.changeStatus()
DEBUG: Set state of dialog 159633497558@192.168.1.209-175388542122-90e4cd98ed55a8c4 to: D_BYEING
2025-12-15 15:10:35 [main] org.mjsip.sip.provider.SipProvider.addSelectiveListener()
DEBUG: Adding SipProviderListener: 159633497558@192.168.1.209-175388542122-90e4cd98ed55a8c4
2025-12-15 15:10:35 [main] org.mjsip.sip.transaction.TransactionClient.init()
DEBUG: new transaction-id: 159633497558@192.168.1.209-2-BYE-client-z9hG4bK523f807a
2025-12-15 15:10:35 [main] org.mjsip.sip.transaction.Transaction.changeStatus()
DEBUG: changed transaction state: T_Trying
2025-12-15 15:10:35 [main] org.mjsip.sip.transaction.TransactionClient.startTransactionTimeout()
DEBUG: Starting transaction timeout: 32000ms
2025-12-15 15:10:35 [main] org.mjsip.sip.provider.SipProvider.addSelectiveListener()
DEBUG: Adding SipProviderListener: 159633497558@192.168.1.209-2-BYE-client-z9hG4bK523f807a
2025-12-15 15:10:35 [main] org.mjsip.sip.provider.SipProvider.sendMessage()
DEBUG: using transport udp
2025-12-15 15:10:35 [main] org.mjsip.sip.transaction.TransactionClient.request()
DEBUG: Starting retransmission timeout.
2025-12-15 15:10:35 [main] org.mjsip.sip.call.Call.changeState()
DEBUG: changed call state: C_CLOSED
2025-12-15 15:10:35 [main] org.mjsip.examples.UserAgentCli.readyToReceive()
INFO: WAITING FOR INCOMING CALL
2025-12-15 15:10:35 [main] org.mjsip.examples.UserAgentCli.changeStatus()
DEBUG: state: IDLE
2025-12-15 15:10:35 [main] org.mjsip.examples.UserAgentCli.readyToReceive()
INFO: digit the callee's URI to make a call or press 'enter' to exit
2025-12-15 15:10:35 [Thread-1] org.mjsip.sip.provider.SipProvider.getListener()
DEBUG: Message passed to transaction: 159633497558@192.168.1.209-2-BYE-client-z9hG4bK523f807a
2025-12-15 15:10:35 [Thread-1] org.mjsip.sip.transaction.Transaction.changeStatus()
DEBUG: changed transaction state: T_Completed
2025-12-15 15:10:35 [Thread-1] org.mjsip.sip.dialog.InviteDialog.onTransSuccessResponse()
DEBUG: inside onTransSuccessResponse(tc,msg)
2025-12-15 15:10:35 [Thread-1] org.mjsip.sip.dialog.Dialog.changeStatus()
DEBUG: Set state of dialog 159633497558@192.168.1.209-175388542122-90e4cd98ed55a8c4 to: D_CLOSE
2025-12-15 15:10:35 [Thread-1] org.mjsip.sip.provider.SipProvider.removeSelectiveListener()
DEBUG: Removing SipProviderListener: 159633497558@192.168.1.209-175388542122-90e4cd98ed55a8c4
2025-12-15 15:10:35 [Thread-1] org.mjsip.ua.UserAgent.onCallClosed()
DEBUG: LogLevel.DEBUG,onCallClosed()
2025-12-15 15:10:35 [Thread-1] org.mjsip.ua.UserAgent.onCallClosed()
DEBUG: NOT the current call
2025-12-15 15:10:35 [Thread-1] org.mjsip.sip.transaction.TransactionClient.startClearingTimeout()
DEBUG: Starting clearing timeout: 5000ms
2025-12-15 15:10:35 [main] org.mjsip.examples.UserAgentCli.changeStatus()
DEBUG: state: IDLE
2025-12-15 15:10:35 [main] org.mjsip.examples.UserAgentCli.readyToReceive()
INFO: WAITING FOR INCOMING CALL
2025-12-15 15:10:35 [main] org.mjsip.examples.UserAgentCli.changeStatus()
DEBUG: state: IDLE
2025-12-15 15:10:35 [main] org.mjsip.examples.UserAgentCli.readyToReceive()
INFO: digit the callee's URI to make a call or press 'enter' to exit
2025-12-15 15:10:40 [pool-1-thread-3] org.mjsip.sip.transaction.TransactionClient.onClearingTimeout()
DEBUG: Clearing timeout expired.
2025-12-15 15:10:40 [pool-1-thread-3] org.mjsip.sip.provider.SipProvider.removeSelectiveListener()
DEBUG: Removing SipProviderListener: 159633497558@192.168.1.209-2-BYE-client-z9hG4bK523f807a
2025-12-15 15:10:40 [pool-1-thread-3] org.mjsip.sip.transaction.Transaction.changeStatus()
DEBUG: changed transaction state: T_Terminated
